Determining if the pthread_create exist failed with the following output:
Change Dir: /home/aledelgado/TFG-Vision-RaspberryPi3/tests/CMakeFiles/CMakeTmp

Run Build Command:"/usr/bin/make" "cmTC_dc21f/fast"
/usr/bin/make -f CMakeFiles/cmTC_dc21f.dir/build.make CMakeFiles/cmTC_dc21f.dir/build
make[1]: se entra en el directorio '/home/aledelgado/TFG-Vision-RaspberryPi3/tests/CMakeFiles/CMakeTmp'
Building C object CMakeFiles/cmTC_dc21f.dir/CheckSymbolExists.c.o
/usr/bin/cc     -o CMakeFiles/cmTC_dc21f.dir/CheckSymbolExists.c.o   -c /home/aledelgado/TFG-Vision-RaspberryPi3/tests/CMakeFiles/CMakeTmp/CheckSymbolExists.c
Linking C executable cmTC_dc21f
/usr/bin/cmake -E cmake_link_script CMakeFiles/cmTC_dc21f.dir/link.txt --verbose=1
/usr/bin/cc       CMakeFiles/cmTC_dc21f.dir/CheckSymbolExists.c.o  -o cmTC_dc21f -rdynamic 
CMakeFiles/cmTC_dc21f.dir/CheckSymbolExists.c.o: En la funci√≥n `main':
CheckSymbolExists.c:(.text+0x1b): referencia a `pthread_create' sin definir
collect2: error: ld returned 1 exit status
CMakeFiles/cmTC_dc21f.dir/build.make:97: fallo en las instrucciones para el objetivo 'cmTC_dc21f'
make[1]: *** [cmTC_dc21f] Error 1
make[1]: se sale del directorio '/home/aledelgado/TFG-Vision-RaspberryPi3/tests/CMakeFiles/CMakeTmp'
Makefile:126: fallo en las instrucciones para el objetivo 'cmTC_dc21f/fast'
make: *** [cmTC_dc21f/fast] Error 2

File /home/aledelgado/TFG-Vision-RaspberryPi3/tests/CMakeFiles/CMakeTmp/CheckSymbolExists.c:
/* */
#include <pthread.h>

int main(int argc, char** argv)
{
  (void)argv;
#ifndef pthread_create
  return ((int*)(&pthread_create))[argc];
#else
  (void)argc;
  return 0;
#endif
}

Determining if the function pthread_create exists in the pthreads failed with the following output:
Change Dir: /home/aledelgado/TFG-Vision-RaspberryPi3/tests/CMakeFiles/CMakeTmp

Run Build Command:"/usr/bin/make" "cmTC_ea846/fast"
/usr/bin/make -f CMakeFiles/cmTC_ea846.dir/build.make CMakeFiles/cmTC_ea846.dir/build
make[1]: se entra en el directorio '/home/aledelgado/TFG-Vision-RaspberryPi3/tests/CMakeFiles/CMakeTmp'
Building C object CMakeFiles/cmTC_ea846.dir/CheckFunctionExists.c.o
/usr/bin/cc    -DCHECK_FUNCTION_EXISTS=pthread_create   -o CMakeFiles/cmTC_ea846.dir/CheckFunctionExists.c.o   -c /usr/share/cmake-3.7/Modules/CheckFunctionExists.c
Linking C executable cmTC_ea846
/usr/bin/cmake -E cmake_link_script CMakeFiles/cmTC_ea846.dir/link.txt --verbose=1
/usr/bin/cc   -DCHECK_FUNCTION_EXISTS=pthread_create    CMakeFiles/cmTC_ea846.dir/CheckFunctionExists.c.o  -o cmTC_ea846 -rdynamic -lpthreads 
/usr/bin/ld: no se puede encontrar -lpthreads
collect2: error: ld returned 1 exit status
CMakeFiles/cmTC_ea846.dir/build.make:97: fallo en las instrucciones para el objetivo 'cmTC_ea846'
make[1]: *** [cmTC_ea846] Error 1
make[1]: se sale del directorio '/home/aledelgado/TFG-Vision-RaspberryPi3/tests/CMakeFiles/CMakeTmp'
Makefile:126: fallo en las instrucciones para el objetivo 'cmTC_ea846/fast'
make: *** [cmTC_ea846/fast] Error 2


